<?xml version="1.0" encoding="UTF-8"?>
<!-- Generated by org.testng.reporters.JUnitXMLReporter -->
<testsuite hostname="WINDOWS-MLNK3B1" ignored="0" name="Default test" tests="3" failures="0" timestamp="16 May 2018 20:07:45 GMT" time="33.794" errors="0">
  <testcase name="testLogin" time="5.576" classname="com.RedPanda.progPckg.TestWithDifferentRecords"/>
  <testcase name="testLogin" time="7.781" classname="com.RedPanda.progPckg.TestWithDifferentRecords"/>
  <testcase name="testLogin" time="3.565" classname="com.RedPanda.progPckg.TestWithDifferentRecords"/>
</testsuite> <!-- Default test -->
